<?xml version="1.0" encoding="UTF-8"?>
<!-- Generated by org.testng.reporters.JUnitReportReporter -->
<testsuite hostname="PK21-HASEEB-640G1" failures="0" tests="1" name="com.zameen.qa.testcases.ExtraFiltersPageTest" time="39.199" errors="0" timestamp="2020-11-05T19:42:17 PKT" skipped="0">
  <testcase classname="com.zameen.qa.testcases.ExtraFiltersPageTest" name="Test2" time="39.199"/>
</testsuite> <!-- com.zameen.qa.testcases.ExtraFiltersPageTest -->
