<?xml version="1.0" encoding="UTF-8"?>
<!-- Generated by org.testng.reporters.JUnitReportReporter -->
<testsuite hostname="PK21-HASEEB-640G1" failures="0" tests="1" name="com.zameen.qa.testcases.HomePageTest" time="23.691" errors="0" timestamp="2020-11-05T19:38:59 PKT" skipped="0">
  <testcase classname="com.zameen.qa.testcases.HomePageTest" name="Test1" time="23.691"/>
</testsuite> <!-- com.zameen.qa.testcases.HomePageTest -->
