<?xml version="1.0" encoding="UTF-8"?>
<!-- Generated by org.testng.reporters.JUnitReportReporter -->
<testsuite hostname="PK21-HASEEB-640G1" failures="0" tests="1" name="com.zameen.qa.testcases.MapPageTest" time="31.814" errors="0" timestamp="2020-11-05T19:37:09 PKT" skipped="0">
  <testcase classname="com.zameen.qa.testcases.MapPageTest" name="Test3" time="31.814"/>
</testsuite> <!-- com.zameen.qa.testcases.MapPageTest -->
